<?xml version="1.0" encoding="UTF-8"?>
<!-- Generated by org.testng.reporters.JUnitReportReporter -->
<testsuite hostname="D1MD20285" name="com.newtours.testcases.TC2_LoginWithValidCredentials" tests="1" failures="0" timestamp="14 Dec 2017 11:36:48 GMT" time="9.587" errors="0">
  <testcase name="tC2_loginWithValidCredentials" time="9.587" classname="com.newtours.testcases.TC2_LoginWithValidCredentials"/>
</testsuite> <!-- com.newtours.testcases.TC2_LoginWithValidCredentials -->
