<?xml version="1.0" encoding="UTF-8"?>
<!-- Generated by org.testng.reporters.JUnitReportReporter -->
<testsuite hostname="D1MD20285" name="com.newtours.testcases.Initializer" tests="1" failures="0" timestamp="2 Nov 2017 11:27:50 GMT" time="0.469" errors="0">
  <testcase name="initializerTest" time="0.469" classname="com.newtours.testcases.Initializer"/>
</testsuite> <!-- com.newtours.testcases.Initializer -->
