<?xml version="1.0" encoding="UTF-8"?>
<!-- Generated by org.testng.reporters.JUnitReportReporter -->
<testsuite hostname="D1MD20285" name="com.newtours.testcases.TC1_RegisterToTheSite" tests="1" failures="0" timestamp="10 Nov 2017 13:04:22 GMT" time="12.878" errors="0">
  <testcase name="tC1_RegisterToTheSite" time="12.878" classname="com.newtours.testcases.TC1_RegisterToTheSite"/>
</testsuite> <!-- com.newtours.testcases.TC1_RegisterToTheSite -->
