<?xml version="1.0" encoding="UTF-8"?>
<!-- Generated by org.testng.reporters.JUnitReportReporter -->
<testsuite hostname="D1MD20285" name="com.newtours.testcases.TC1_RegisterToTheSite" tests="1" failures="0" timestamp="14 Dec 2017 11:36:48 GMT" time="25.869" errors="0">
  <testcase name="tC1_RegisterToTheSite" time="25.869" classname="com.newtours.testcases.TC1_RegisterToTheSite"/>
</testsuite> <!-- com.newtours.testcases.TC1_RegisterToTheSite -->
