<?xml version="1.0" encoding="UTF-8"?>
<!-- Generated by org.testng.reporters.JUnitReportReporter -->
<testsuite hostname="D1MD20285" name="com.newtours.testcases.TC001" tests="1" failures="0" timestamp="2 Nov 2017 11:27:50 GMT" time="0.018" errors="0">
  <testcase name="TC001_abc" time="0.018" classname="com.newtours.testcases.TC001"/>
</testsuite> <!-- com.newtours.testcases.TC001 -->
