<?xml version="1.0" encoding="UTF-8"?>
<!-- Generated by org.testng.reporters.JUnitReportReporter -->
<testsuite hostname="D1MD20285" name="com.newtours.testcases.TC001_RegisterToNewTourSite" tests="1" failures="0" timestamp="2 Nov 2017 09:24:24 GMT" time="0.193" errors="0">
  <testcase name="TC001_registerToNewTourSite" time="0.193" classname="com.newtours.testcases.TC001_RegisterToNewTourSite"/>
</testsuite> <!-- com.newtours.testcases.TC001_RegisterToNewTourSite -->
