<?xml version="1.0" encoding="UTF-8"?>
<!-- Generated by org.testng.reporters.JUnitReportReporter -->
<testsuite hostname="D1MD20285" name="com.newtours.testcases.TC1_RegisterToTheSite" tests="1" failures="0" timestamp="9 Nov 2017 14:15:49 GMT" time="15.741" errors="0">
  <testcase name="tC1_RegisterToTheSite" time="15.741" classname="com.newtours.testcases.TC1_RegisterToTheSite"/>
</testsuite> <!-- com.newtours.testcases.TC1_RegisterToTheSite -->
